2026-01-28 13:53:35.235 [main] INFO  com.buglife.config.ConfigManager - Configuration files loaded successfully
2026-01-28 13:53:35.251 [main] INFO  com.buglife.main.Game - Target FPS set to: 60
2026-01-28 13:53:38.002 [main] DEBUG com.buglife.assets.AssetManager - Loaded image: /res/sprites/ui/main_bg.png
2026-01-28 13:53:38.031 [main] DEBUG com.buglife.assets.AssetManager - Loaded image: /res/sprites/ui/logo.png
2026-01-28 13:53:39.924 [AWT-EventQueue-0] DEBUG com.buglife.assets.AssetManager - Loaded image: /res/sprites/tiles/floor_1.png
2026-01-28 13:53:39.930 [AWT-EventQueue-0] DEBUG com.buglife.assets.AssetManager - Loaded image: /res/sprites/tiles/wall_5.png
2026-01-28 13:53:39.934 [AWT-EventQueue-0] DEBUG com.buglife.assets.AssetManager - Loaded image: /res/sprites/tiles/wall.png
2026-01-28 13:53:39.939 [AWT-EventQueue-0] DEBUG com.buglife.assets.AssetManager - Loaded image: /res/sprites/tiles/sticky_floor.png
2026-01-28 13:53:39.958 [AWT-EventQueue-0] DEBUG com.buglife.assets.AssetManager - Loaded image: /res/sprites/tiles/broken_tile.png
2026-01-28 13:53:39.977 [AWT-EventQueue-0] DEBUG com.buglife.assets.AssetManager - Loaded image: /res/sprites/tiles/shadow_tile.png
2026-01-28 13:53:39.995 [AWT-EventQueue-0] DEBUG com.buglife.assets.AssetManager - Loaded image: /res/sprites/tiles/stain_1.png
2026-01-28 13:53:40.013 [AWT-EventQueue-0] DEBUG com.buglife.assets.AssetManager - Loaded image: /res/sprites/tiles/stain_2.png
2026-01-28 13:53:40.030 [AWT-EventQueue-0] DEBUG com.buglife.assets.AssetManager - Loaded image: /res/sprites/tiles/stain_3.png
2026-01-28 13:53:40.049 [AWT-EventQueue-0] DEBUG com.buglife.assets.AssetManager - Loaded image: /res/sprites/tiles/stain_4.png
2026-01-28 13:53:40.072 [AWT-EventQueue-0] DEBUG com.buglife.assets.AssetManager - Loaded image: /res/sprites/tiles/introtile1.png
2026-01-28 13:53:40.084 [AWT-EventQueue-0] DEBUG com.buglife.assets.AssetManager - Loaded image: /res/sprites/tiles/introtile2.png
2026-01-28 13:53:40.093 [AWT-EventQueue-0] DEBUG com.buglife.assets.AssetManager - Loaded image: /res/sprites/tiles/introtile3.png
2026-01-28 13:53:40.103 [AWT-EventQueue-0] DEBUG com.buglife.assets.AssetManager - Loaded image: /res/sprites/tiles/introtile4.png
2026-01-28 13:53:40.112 [AWT-EventQueue-0] DEBUG com.buglife.assets.AssetManager - Loaded image: /res/sprites/tiles/introtile5.png
2026-01-28 13:53:40.119 [AWT-EventQueue-0] DEBUG com.buglife.assets.AssetManager - Loaded image: /res/sprites/tiles/introtile6.png
2026-01-28 13:53:40.125 [AWT-EventQueue-0] DEBUG com.buglife.assets.AssetManager - Loaded image: /res/sprites/tiles/plank1.png
2026-01-28 13:53:40.132 [AWT-EventQueue-0] DEBUG com.buglife.assets.AssetManager - Loaded image: /res/sprites/tiles/plank2.png
2026-01-28 13:53:40.137 [AWT-EventQueue-0] DEBUG com.buglife.assets.AssetManager - Loaded image: /res/sprites/tiles/plank3.png
2026-01-28 13:53:40.143 [AWT-EventQueue-0] DEBUG com.buglife.assets.AssetManager - Loaded image: /res/sprites/tiles/plank4.png
2026-01-28 13:53:40.149 [AWT-EventQueue-0] DEBUG com.buglife.assets.AssetManager - Loaded image: /res/sprites/tiles/l1.png
2026-01-28 13:53:40.156 [AWT-EventQueue-0] DEBUG com.buglife.assets.AssetManager - Loaded image: /res/sprites/tiles/l2.png
2026-01-28 13:53:40.162 [AWT-EventQueue-0] DEBUG com.buglife.assets.AssetManager - Loaded image: /res/sprites/tiles/l3.png
2026-01-28 13:53:40.167 [AWT-EventQueue-0] DEBUG com.buglife.assets.AssetManager - Loaded image: /res/sprites/tiles/l4.png
2026-01-28 13:53:40.171 [AWT-EventQueue-0] DEBUG com.buglife.assets.AssetManager - Loaded image: /res/sprites/tiles/sack_w1.png
2026-01-28 13:53:40.174 [AWT-EventQueue-0] DEBUG com.buglife.assets.AssetManager - Loaded image: /res/sprites/tiles/sack_w2.png
2026-01-28 13:53:40.179 [AWT-EventQueue-0] DEBUG com.buglife.assets.AssetManager - Loaded image: /res/sprites/tiles/sack_w3.png
2026-01-28 13:53:40.184 [AWT-EventQueue-0] DEBUG com.buglife.assets.AssetManager - Loaded image: /res/sprites/tiles/sack_w4.png
2026-01-28 13:53:40.201 [AWT-EventQueue-0] DEBUG com.buglife.assets.AssetManager - Loaded image: /res/sprites/player/pla.png
2026-01-28 13:53:40.207 [AWT-EventQueue-0] DEBUG com.buglife.assets.AssetManager - Loaded image: /res/sprites/player/webbed_state.png
2026-01-28 13:53:40.215 [AWT-EventQueue-0] DEBUG com.buglife.assets.AssetManager - Loaded image: /res/sprites/items/toy1.png
2026-01-28 13:53:40.222 [AWT-EventQueue-0] DEBUG com.buglife.assets.AssetManager - Loaded image: /res/sprites/spider/Walk_0001.png
2026-01-28 13:53:40.228 [AWT-EventQueue-0] DEBUG com.buglife.assets.AssetManager - Loaded image: /res/sprites/spider/Walk_0002.png
2026-01-28 13:53:40.235 [AWT-EventQueue-0] DEBUG com.buglife.assets.AssetManager - Loaded image: /res/sprites/snail/snail.png
2026-01-28 13:53:40.237 [AWT-EventQueue-0] DEBUG com.buglife.states.PlayingState - Food spawned: 5 items
2026-01-28 13:53:43.486 [Thread-0] DEBUG com.buglife.utils.PerformanceMonitor - Memory: 163 MB / 254 MB (max: 2994 MB)
2026-01-28 13:53:43.499 [AWT-EventQueue-0] INFO  com.buglife.utils.PerformanceMonitor - Debug overlay: ON
2026-01-28 13:53:48.497 [Thread-0] DEBUG com.buglife.utils.PerformanceMonitor - Memory: 106 MB / 254 MB (max: 2994 MB)
2026-01-28 13:53:48.579 [AWT-EventQueue-0] INFO  com.buglife.utils.PerformanceMonitor - Debug overlay: OFF
2026-01-28 13:53:49.199 [AWT-EventQueue-0] INFO  com.buglife.utils.PerformanceMonitor - Debug overlay: ON
2026-01-28 13:53:50.749 [AWT-EventQueue-0] INFO  com.buglife.utils.PerformanceMonitor - Debug overlay: OFF
2026-01-28 13:53:53.512 [Thread-0] DEBUG com.buglife.utils.PerformanceMonitor - Memory: 123 MB / 254 MB (max: 2994 MB)
2026-01-28 13:53:53.596 [Thread-0] WARN  com.buglife.utils.PerformanceMonitor - FPS drop detected: {:.1f} FPS (target: 52.31984205330701)
2026-01-28 13:53:58.514 [Thread-0] DEBUG com.buglife.utils.PerformanceMonitor - Memory: 141 MB / 254 MB (max: 2994 MB)
2026-01-28 13:53:59.660 [Thread-0] WARN  com.buglife.utils.PerformanceMonitor - FPS drop detected: {:.1f} FPS (target: 52.26824457593688)
2026-01-28 13:54:03.523 [Thread-0] DEBUG com.buglife.utils.PerformanceMonitor - Memory: 156 MB / 254 MB (max: 2994 MB)
2026-01-28 13:54:07.753 [Thread-0] WARN  com.buglife.utils.PerformanceMonitor - FPS drop detected: {:.1f} FPS (target: 52.42334322453017)
2026-01-28 13:54:08.533 [Thread-0] DEBUG com.buglife.utils.PerformanceMonitor - Memory: 174 MB / 254 MB (max: 2994 MB)
2026-01-28 13:54:08.764 [Thread-0] WARN  com.buglife.utils.PerformanceMonitor - FPS drop detected: {:.1f} FPS (target: 52.42334322453017)
2026-01-28 14:10:37.694 [main] INFO  com.buglife.config.ConfigManager - Configuration files loaded successfully
2026-01-28 14:10:37.698 [main] INFO  com.buglife.main.Game - Target FPS set to: 60
2026-01-28 14:10:39.488 [main] DEBUG com.buglife.assets.AssetManager - Loaded image: /res/sprites/ui/main_bg.png
2026-01-28 14:10:39.520 [main] DEBUG com.buglife.assets.AssetManager - Loaded image: /res/sprites/ui/logo.png
2026-01-28 14:10:41.113 [AWT-EventQueue-0] DEBUG com.buglife.assets.AssetManager - Loaded image: /res/sprites/tiles/floor_1.png
2026-01-28 14:10:41.118 [AWT-EventQueue-0] DEBUG com.buglife.assets.AssetManager - Loaded image: /res/sprites/tiles/wall_5.png
2026-01-28 14:10:41.122 [AWT-EventQueue-0] DEBUG com.buglife.assets.AssetManager - Loaded image: /res/sprites/tiles/wall.png
2026-01-28 14:10:41.128 [AWT-EventQueue-0] DEBUG com.buglife.assets.AssetManager - Loaded image: /res/sprites/tiles/sticky_floor.png
2026-01-28 14:10:41.137 [AWT-EventQueue-0] DEBUG com.buglife.assets.AssetManager - Loaded image: /res/sprites/tiles/broken_tile.png
2026-01-28 14:10:41.143 [AWT-EventQueue-0] DEBUG com.buglife.assets.AssetManager - Loaded image: /res/sprites/tiles/shadow_tile.png
2026-01-28 14:10:41.147 [AWT-EventQueue-0] DEBUG com.buglife.assets.AssetManager - Loaded image: /res/sprites/tiles/stain_1.png
2026-01-28 14:10:41.152 [AWT-EventQueue-0] DEBUG com.buglife.assets.AssetManager - Loaded image: /res/sprites/tiles/stain_2.png
2026-01-28 14:10:41.154 [AWT-EventQueue-0] DEBUG com.buglife.assets.AssetManager - Loaded image: /res/sprites/tiles/stain_3.png
2026-01-28 14:10:41.159 [AWT-EventQueue-0] DEBUG com.buglife.assets.AssetManager - Loaded image: /res/sprites/tiles/stain_4.png
2026-01-28 14:10:41.163 [AWT-EventQueue-0] DEBUG com.buglife.assets.AssetManager - Loaded image: /res/sprites/tiles/introtile1.png
2026-01-28 14:10:41.166 [AWT-EventQueue-0] DEBUG com.buglife.assets.AssetManager - Loaded image: /res/sprites/tiles/introtile2.png
2026-01-28 14:10:41.170 [AWT-EventQueue-0] DEBUG com.buglife.assets.AssetManager - Loaded image: /res/sprites/tiles/introtile3.png
2026-01-28 14:10:41.175 [AWT-EventQueue-0] DEBUG com.buglife.assets.AssetManager - Loaded image: /res/sprites/tiles/introtile4.png
2026-01-28 14:10:41.178 [AWT-EventQueue-0] DEBUG com.buglife.assets.AssetManager - Loaded image: /res/sprites/tiles/introtile5.png
2026-01-28 14:10:41.184 [AWT-EventQueue-0] DEBUG com.buglife.assets.AssetManager - Loaded image: /res/sprites/tiles/introtile6.png
2026-01-28 14:10:41.188 [AWT-EventQueue-0] DEBUG com.buglife.assets.AssetManager - Loaded image: /res/sprites/tiles/plank1.png
2026-01-28 14:10:41.193 [AWT-EventQueue-0] DEBUG com.buglife.assets.AssetManager - Loaded image: /res/sprites/tiles/plank2.png
2026-01-28 14:10:41.198 [AWT-EventQueue-0] DEBUG com.buglife.assets.AssetManager - Loaded image: /res/sprites/tiles/plank3.png
2026-01-28 14:10:41.201 [AWT-EventQueue-0] DEBUG com.buglife.assets.AssetManager - Loaded image: /res/sprites/tiles/plank4.png
2026-01-28 14:10:41.206 [AWT-EventQueue-0] DEBUG com.buglife.assets.AssetManager - Loaded image: /res/sprites/tiles/l1.png
2026-01-28 14:10:41.210 [AWT-EventQueue-0] DEBUG com.buglife.assets.AssetManager - Loaded image: /res/sprites/tiles/l2.png
2026-01-28 14:10:41.215 [AWT-EventQueue-0] DEBUG com.buglife.assets.AssetManager - Loaded image: /res/sprites/tiles/l3.png
2026-01-28 14:10:41.219 [AWT-EventQueue-0] DEBUG com.buglife.assets.AssetManager - Loaded image: /res/sprites/tiles/l4.png
2026-01-28 14:10:41.223 [AWT-EventQueue-0] DEBUG com.buglife.assets.AssetManager - Loaded image: /res/sprites/tiles/sack_w1.png
2026-01-28 14:10:41.227 [AWT-EventQueue-0] DEBUG com.buglife.assets.AssetManager - Loaded image: /res/sprites/tiles/sack_w2.png
2026-01-28 14:10:41.231 [AWT-EventQueue-0] DEBUG com.buglife.assets.AssetManager - Loaded image: /res/sprites/tiles/sack_w3.png
2026-01-28 14:10:41.235 [AWT-EventQueue-0] DEBUG com.buglife.assets.AssetManager - Loaded image: /res/sprites/tiles/sack_w4.png
2026-01-28 14:10:41.249 [AWT-EventQueue-0] DEBUG com.buglife.assets.AssetManager - Loaded image: /res/sprites/player/pla.png
2026-01-28 14:10:41.252 [AWT-EventQueue-0] DEBUG com.buglife.assets.AssetManager - Loaded image: /res/sprites/player/webbed_state.png
2026-01-28 14:10:41.263 [AWT-EventQueue-0] DEBUG com.buglife.assets.AssetManager - Loaded image: /res/sprites/items/toy1.png
2026-01-28 14:10:41.269 [AWT-EventQueue-0] DEBUG com.buglife.assets.AssetManager - Loaded image: /res/sprites/spider/Walk_0001.png
2026-01-28 14:10:41.274 [AWT-EventQueue-0] DEBUG com.buglife.assets.AssetManager - Loaded image: /res/sprites/spider/Walk_0002.png
2026-01-28 14:10:41.281 [AWT-EventQueue-0] DEBUG com.buglife.assets.AssetManager - Loaded image: /res/sprites/snail/snail.png
2026-01-28 14:10:41.283 [AWT-EventQueue-0] DEBUG com.buglife.states.PlayingState - Food spawned: 5 items
2026-01-28 14:10:44.932 [Thread-0] DEBUG com.buglife.utils.PerformanceMonitor - Memory: 168 MB / 204 MB (max: 2994 MB)
2026-01-28 14:10:45.340 [AWT-EventQueue-0] INFO  com.buglife.utils.PerformanceMonitor - Debug overlay: ON
2026-01-28 14:10:49.940 [Thread-0] DEBUG com.buglife.utils.PerformanceMonitor - Memory: 186 MB / 204 MB (max: 2994 MB)
2026-01-28 14:10:54.951 [Thread-0] DEBUG com.buglife.utils.PerformanceMonitor - Memory: 97 MB / 204 MB (max: 2994 MB)
2026-01-28 14:10:59.961 [Thread-0] DEBUG com.buglife.utils.PerformanceMonitor - Memory: 115 MB / 204 MB (max: 2994 MB)
2026-01-28 14:11:04.966 [Thread-0] DEBUG com.buglife.utils.PerformanceMonitor - Memory: 135 MB / 204 MB (max: 2994 MB)
2026-01-28 14:11:08.150 [Thread-0] WARN  com.buglife.utils.PerformanceMonitor - FPS drop detected: {:.1f} FPS (target: 50.04906771344456)
2026-01-28 14:11:09.154 [Thread-0] WARN  com.buglife.utils.PerformanceMonitor - FPS drop detected: {:.1f} FPS (target: 52.788844621513945)
2026-01-28 14:11:09.972 [Thread-0] DEBUG com.buglife.utils.PerformanceMonitor - Memory: 151 MB / 204 MB (max: 2994 MB)
2026-01-28 14:11:14.972 [Thread-0] DEBUG com.buglife.utils.PerformanceMonitor - Memory: 105 MB / 204 MB (max: 2994 MB)
2026-01-28 14:11:19.979 [Thread-0] DEBUG com.buglife.utils.PerformanceMonitor - Memory: 122 MB / 204 MB (max: 2994 MB)
2026-01-28 14:11:24.989 [Thread-0] DEBUG com.buglife.utils.PerformanceMonitor - Memory: 140 MB / 204 MB (max: 2994 MB)
2026-01-28 14:11:29.993 [Thread-0] DEBUG com.buglife.utils.PerformanceMonitor - Memory: 159 MB / 204 MB (max: 2994 MB)
2026-01-28 14:11:34.347 [Thread-0] WARN  com.buglife.utils.PerformanceMonitor - FPS drop detected: {:.1f} FPS (target: 51.79282868525896)
2026-01-28 14:11:34.747 [AWT-EventQueue-0] INFO  com.buglife.utils.PerformanceMonitor - Debug overlay: OFF
2026-01-28 14:11:34.994 [Thread-0] DEBUG com.buglife.utils.PerformanceMonitor - Memory: 103 MB / 204 MB (max: 2994 MB)
